Build started 2015-09-28 13:12:44.
     1>Project "C:\Users\Jonas\Desktop\Fysikprojekt\projectilephysics\nightlight\nightlight.vcxproj" on node 2 (Build target(s)).
     1>ClCompile:
         D:\Visual Studio 2015\VC\bin\CL.exe /c /IC:\Users\Jonas\Desktop\Fysikprojekt\projectilephysics\nightlight\\yse\include /I"C:\Program Files (x86)\Visual Leak Detector\include" /Zi /nologo /W3 /WX- /sdl /O2 /Oi /Oy- /GL /D _MBCS /Gm- /EHsc /MD /GS /Gy /fp:precise /Zc:wchar_t /Zc:forScope /Zc:inline /Fo"Release\\" /Fd"Release\vc140.pdb" /Gd /TP /analyze- /errorReport:prompt AssetManager.cpp Game.cpp
         AssetManager.cpp
         Game.cpp
       Link:
         D:\Visual Studio 2015\VC\bin\link.exe /ERRORREPORT:PROMPT /OUT:"C:\Users\Jonas\Desktop\Fysikprojekt\projectilephysics\Release\nightlight.exe" /NOLOGO /LIBPATH:"C:\Program Files (x86)\Visual Leak Detector\lib\Win32" kernel32.lib user32.lib gdi32.lib winspool.lib comdlg32.lib advapi32.lib shell32.lib ole32.lib oleaut32.lib uuid.lib odbc32.lib odbccp32.lib /MANIFEST /MANIFESTUAC:"level='asInvoker' uiAccess='false'" /manifest:embed /Debug /PDB:"C:\Users\Jonas\Desktop\Fysikprojekt\projectilephysics\Release\nightlight.pdb" /OPT:REF /OPT:ICF /LTCG:incremental /TLBID:1 /DYNAMICBASE /NXCOMPAT /IMPLIB:"C:\Users\Jonas\Desktop\Fysikprojekt\projectilephysics\Release\nightlight.lib" /MACHINE:X86 /SAFESEH Release\AssetManager.obj
         Release\Camera.obj
         Release\Cpu.obj
         Release\D3DManager.obj
         Release\Game.obj
         Release\GameLogic.obj
         Release\GameObject.obj
         Release\InputManager.obj
         Release\DirectionalLight.obj
         Release\main.obj
         Release\RenderModule.obj
         Release\SaveLoadManager.obj
         Release\ShadowMap.obj
         Release\System.obj
         Release\Timer.obj
         Release\WICTextureLoader.obj
         Generating code
         51 of 444 functions (11.5%) were compiled, the rest were copied from previous compilation.
           0 functions were new in current compilation
           45 functions had inline decision re-evaluated but remain unchanged
         Finished generating code
         nightlight.vcxproj -> C:\Users\Jonas\Desktop\Fysikprojekt\projectilephysics\Release\nightlight.exe
     1>Done Building Project "C:\Users\Jonas\Desktop\Fysikprojekt\projectilephysics\nightlight\nightlight.vcxproj" (Build target(s)).

Build succeeded.

Time Elapsed 00:00:02.43
